2020-10-20T21:10:14.344+08:00 INFO  a.e.s.Slf4jLogger Slf4jLogger started
2020-10-20T21:10:14.899+08:00 INFO  o.m.c.d.SimplePgProfile [36m >>> binding uuid -> java.util.UUID [0m
2020-10-20T21:10:14.901+08:00 INFO  o.m.c.d.SimplePgProfile [36m >>> binding text -> java.lang.String [0m
2020-10-20T21:10:14.901+08:00 INFO  o.m.c.d.SimplePgProfile [36m >>> binding bool -> Boolean [0m
2020-10-20T21:10:14.935+08:00 INFO  o.m.c.d.SimplePgProfile [36m >>> binding _uuid -> scala.collection.immutable.Seq [0m
2020-10-20T21:10:14.935+08:00 INFO  o.m.c.d.SimplePgProfile [36m >>> binding _text -> scala.collection.immutable.Seq [0m
2020-10-20T21:10:14.935+08:00 INFO  o.m.c.d.SimplePgProfile [36m >>> binding _int8 -> scala.collection.immutable.Seq [0m
2020-10-20T21:10:14.936+08:00 INFO  o.m.c.d.SimplePgProfile [36m >>> binding _int4 -> scala.collection.immutable.Seq [0m
2020-10-20T21:10:14.936+08:00 INFO  o.m.c.d.SimplePgProfile [36m >>> binding _int2 -> scala.collection.immutable.Seq [0m
2020-10-20T21:10:14.936+08:00 INFO  o.m.c.d.SimplePgProfile [36m >>> binding _float4 -> scala.collection.immutable.Seq [0m
2020-10-20T21:10:14.936+08:00 INFO  o.m.c.d.SimplePgProfile [36m >>> binding _float8 -> scala.collection.immutable.Seq [0m
2020-10-20T21:10:14.936+08:00 INFO  o.m.c.d.SimplePgProfile [36m >>> binding _bool -> scala.collection.immutable.Seq [0m
2020-10-20T21:10:14.936+08:00 INFO  o.m.c.d.SimplePgProfile [36m >>> binding _date -> scala.collection.immutable.Seq [0m
2020-10-20T21:10:14.936+08:00 INFO  o.m.c.d.SimplePgProfile [36m >>> binding _time -> scala.collection.immutable.Seq [0m
2020-10-20T21:10:14.937+08:00 INFO  o.m.c.d.SimplePgProfile [36m >>> binding _timestamp -> scala.collection.immutable.Seq [0m
2020-10-20T21:10:14.962+08:00 INFO  o.m.c.d.SimplePgProfile [36m >>> binding inet -> com.github.tminglei.slickpg.InetString [0m
2020-10-20T21:10:14.963+08:00 INFO  o.m.c.d.SimplePgProfile [36m >>> binding macaddr -> com.github.tminglei.slickpg.MacAddrString [0m
2020-10-20T21:10:14.965+08:00 INFO  o.m.c.d.SimplePgProfile [36m >>> binding ltree -> com.github.tminglei.slickpg.LTree [0m
2020-10-20T21:10:14.965+08:00 INFO  o.m.c.d.SimplePgProfile [36m >>> binding _ltree -> scala.collection.immutable.List [0m
2020-10-20T21:10:14.969+08:00 INFO  o.m.c.d.SimplePgProfile [36m >>> binding int4range -> com.github.tminglei.slickpg.Range [0m
2020-10-20T21:10:14.969+08:00 INFO  o.m.c.d.SimplePgProfile [36m >>> binding int8range -> com.github.tminglei.slickpg.Range [0m
2020-10-20T21:10:14.969+08:00 INFO  o.m.c.d.SimplePgProfile [36m >>> binding numrange -> com.github.tminglei.slickpg.Range [0m
2020-10-20T21:10:14.969+08:00 INFO  o.m.c.d.SimplePgProfile [36m >>> binding tsrange -> com.github.tminglei.slickpg.Range [0m
2020-10-20T21:10:14.969+08:00 INFO  o.m.c.d.SimplePgProfile [36m >>> binding daterange -> com.github.tminglei.slickpg.Range [0m
2020-10-20T21:10:14.970+08:00 INFO  o.m.c.d.SimplePgProfile [36m >>> binding tsrange -> com.github.tminglei.slickpg.Range [0m
2020-10-20T21:10:14.970+08:00 INFO  o.m.c.d.SimplePgProfile [36m >>> binding tstzrange -> com.github.tminglei.slickpg.Range [0m
2020-10-20T21:10:14.970+08:00 INFO  o.m.c.d.SimplePgProfile [36m >>> binding daterange -> com.github.tminglei.slickpg.Range [0m
2020-10-20T21:10:14.974+08:00 INFO  o.m.c.d.SimplePgProfile [36m >>> binding hstore -> scala.collection.immutable.Map [0m
2020-10-20T21:10:14.975+08:00 INFO  o.m.c.d.SimplePgProfile [36m >>> binding tsvector -> com.github.tminglei.slickpg.TsVector [0m
2020-10-20T21:10:14.979+08:00 INFO  o.m.c.d.SimplePgProfile [36m >>> binding tsquery -> com.github.tminglei.slickpg.TsQuery [0m
2020-10-20T21:10:15.101+08:00 INFO  c.z.h.HikariDataSource chestnut_rw - Starting...
2020-10-20T21:10:15.153+08:00 INFO  c.z.h.HikariDataSource chestnut_rw - Start completed.
2020-10-20T21:10:16.140+08:00 INFO  o.m.c.h.AkkaHttpServer < Server online at http://127.0.0.1:9000/ ... >
 _____ _               _               _         ______ _
/  __ \ |             | |             | |        |  ___| |
| /  \/ |__   ___  ___| |_ _ __  _   _| |_ ______| |_  | | _____      __
| |   | '_ \ / _ \/ __| __| '_ \| | | | __|______|  _| | |/ _ \ \ /\ / /
| \__/\ | | |  __/\__ \ |_| | | | |_| | |_       | |   | | (_) \ V  V /
 \____/_| |_|\___||___/\__|_| |_|\__,_|\__|      \_|   |_|\___/ \_/\_/
