2020-10-26T19:12:25.887+08:00 INFO  a.e.s.Slf4jLogger Slf4jLogger started
2020-10-26T19:12:26.333+08:00 INFO  o.m.c.d.SimplePgProfile [36m >>> binding uuid -> java.util.UUID [0m
2020-10-26T19:12:26.335+08:00 INFO  o.m.c.d.SimplePgProfile [36m >>> binding text -> java.lang.String [0m
2020-10-26T19:12:26.335+08:00 INFO  o.m.c.d.SimplePgProfile [36m >>> binding bool -> Boolean [0m
2020-10-26T19:12:26.362+08:00 INFO  o.m.c.d.SimplePgProfile [36m >>> binding _uuid -> scala.collection.immutable.Seq [0m
2020-10-26T19:12:26.362+08:00 INFO  o.m.c.d.SimplePgProfile [36m >>> binding _text -> scala.collection.immutable.Seq [0m
2020-10-26T19:12:26.362+08:00 INFO  o.m.c.d.SimplePgProfile [36m >>> binding _int8 -> scala.collection.immutable.Seq [0m
2020-10-26T19:12:26.363+08:00 INFO  o.m.c.d.SimplePgProfile [36m >>> binding _int4 -> scala.collection.immutable.Seq [0m
2020-10-26T19:12:26.363+08:00 INFO  o.m.c.d.SimplePgProfile [36m >>> binding _int2 -> scala.collection.immutable.Seq [0m
2020-10-26T19:12:26.363+08:00 INFO  o.m.c.d.SimplePgProfile [36m >>> binding _float4 -> scala.collection.immutable.Seq [0m
2020-10-26T19:12:26.364+08:00 INFO  o.m.c.d.SimplePgProfile [36m >>> binding _float8 -> scala.collection.immutable.Seq [0m
2020-10-26T19:12:26.364+08:00 INFO  o.m.c.d.SimplePgProfile [36m >>> binding _bool -> scala.collection.immutable.Seq [0m
2020-10-26T19:12:26.364+08:00 INFO  o.m.c.d.SimplePgProfile [36m >>> binding _date -> scala.collection.immutable.Seq [0m
2020-10-26T19:12:26.364+08:00 INFO  o.m.c.d.SimplePgProfile [36m >>> binding _time -> scala.collection.immutable.Seq [0m
2020-10-26T19:12:26.364+08:00 INFO  o.m.c.d.SimplePgProfile [36m >>> binding _timestamp -> scala.collection.immutable.Seq [0m
2020-10-26T19:12:26.385+08:00 INFO  o.m.c.d.SimplePgProfile [36m >>> binding inet -> com.github.tminglei.slickpg.InetString [0m
2020-10-26T19:12:26.386+08:00 INFO  o.m.c.d.SimplePgProfile [36m >>> binding macaddr -> com.github.tminglei.slickpg.MacAddrString [0m
2020-10-26T19:12:26.392+08:00 INFO  o.m.c.d.SimplePgProfile [36m >>> binding ltree -> com.github.tminglei.slickpg.LTree [0m
2020-10-26T19:12:26.393+08:00 INFO  o.m.c.d.SimplePgProfile [36m >>> binding _ltree -> scala.collection.immutable.List [0m
2020-10-26T19:12:26.396+08:00 INFO  o.m.c.d.SimplePgProfile [36m >>> binding int4range -> com.github.tminglei.slickpg.Range [0m
2020-10-26T19:12:26.396+08:00 INFO  o.m.c.d.SimplePgProfile [36m >>> binding int8range -> com.github.tminglei.slickpg.Range [0m
2020-10-26T19:12:26.398+08:00 INFO  o.m.c.d.SimplePgProfile [36m >>> binding numrange -> com.github.tminglei.slickpg.Range [0m
2020-10-26T19:12:26.398+08:00 INFO  o.m.c.d.SimplePgProfile [36m >>> binding tsrange -> com.github.tminglei.slickpg.Range [0m
2020-10-26T19:12:26.399+08:00 INFO  o.m.c.d.SimplePgProfile [36m >>> binding daterange -> com.github.tminglei.slickpg.Range [0m
2020-10-26T19:12:26.399+08:00 INFO  o.m.c.d.SimplePgProfile [36m >>> binding tsrange -> com.github.tminglei.slickpg.Range [0m
2020-10-26T19:12:26.399+08:00 INFO  o.m.c.d.SimplePgProfile [36m >>> binding tstzrange -> com.github.tminglei.slickpg.Range [0m
2020-10-26T19:12:26.399+08:00 INFO  o.m.c.d.SimplePgProfile [36m >>> binding daterange -> com.github.tminglei.slickpg.Range [0m
2020-10-26T19:12:26.402+08:00 INFO  o.m.c.d.SimplePgProfile [36m >>> binding hstore -> scala.collection.immutable.Map [0m
2020-10-26T19:12:26.404+08:00 INFO  o.m.c.d.SimplePgProfile [36m >>> binding tsvector -> com.github.tminglei.slickpg.TsVector [0m
2020-10-26T19:12:26.405+08:00 INFO  o.m.c.d.SimplePgProfile [36m >>> binding tsquery -> com.github.tminglei.slickpg.TsQuery [0m
2020-10-26T19:12:26.491+08:00 INFO  c.z.h.HikariDataSource chestnut_rw - Starting...
2020-10-26T19:12:26.531+08:00 INFO  c.z.h.HikariDataSource chestnut_rw - Start completed.
2020-10-26T19:12:27.278+08:00 INFO  o.m.c.h.AkkaHttpServer < Server online at http://127.0.0.1:9000/ ... >
 _____ _               _               _         ______ _
/  __ \ |             | |             | |        |  ___| |
| /  \/ |__   ___  ___| |_ _ __  _   _| |_ ______| |_  | | _____      __
| |   | '_ \ / _ \/ __| __| '_ \| | | | __|______|  _| | |/ _ \ \ /\ / /
| \__/\ | | |  __/\__ \ |_| | | | |_| | |_       | |   | | (_) \ V  V /
 \____/_| |_|\___||___/\__|_| |_|\__,_|\__|      \_|   |_|\___/ \_/\_/
2020-10-26T19:18:38.805+08:00 INFO  a.e.s.Slf4jLogger Slf4jLogger started
2020-10-26T19:18:39.343+08:00 INFO  o.m.c.d.SimplePgProfile [36m >>> binding uuid -> java.util.UUID [0m
2020-10-26T19:18:39.344+08:00 INFO  o.m.c.d.SimplePgProfile [36m >>> binding text -> java.lang.String [0m
2020-10-26T19:18:39.344+08:00 INFO  o.m.c.d.SimplePgProfile [36m >>> binding bool -> Boolean [0m
2020-10-26T19:18:39.402+08:00 INFO  o.m.c.d.SimplePgProfile [36m >>> binding _uuid -> scala.collection.immutable.Seq [0m
2020-10-26T19:18:39.405+08:00 INFO  o.m.c.d.SimplePgProfile [36m >>> binding _text -> scala.collection.immutable.Seq [0m
2020-10-26T19:18:39.406+08:00 INFO  o.m.c.d.SimplePgProfile [36m >>> binding _int8 -> scala.collection.immutable.Seq [0m
2020-10-26T19:18:39.408+08:00 INFO  o.m.c.d.SimplePgProfile [36m >>> binding _int4 -> scala.collection.immutable.Seq [0m
2020-10-26T19:18:39.409+08:00 INFO  o.m.c.d.SimplePgProfile [36m >>> binding _int2 -> scala.collection.immutable.Seq [0m
2020-10-26T19:18:39.409+08:00 INFO  o.m.c.d.SimplePgProfile [36m >>> binding _float4 -> scala.collection.immutable.Seq [0m
2020-10-26T19:18:39.410+08:00 INFO  o.m.c.d.SimplePgProfile [36m >>> binding _float8 -> scala.collection.immutable.Seq [0m
2020-10-26T19:18:39.411+08:00 INFO  o.m.c.d.SimplePgProfile [36m >>> binding _bool -> scala.collection.immutable.Seq [0m
2020-10-26T19:18:39.413+08:00 INFO  o.m.c.d.SimplePgProfile [36m >>> binding _date -> scala.collection.immutable.Seq [0m
2020-10-26T19:18:39.414+08:00 INFO  o.m.c.d.SimplePgProfile [36m >>> binding _time -> scala.collection.immutable.Seq [0m
2020-10-26T19:18:39.417+08:00 INFO  o.m.c.d.SimplePgProfile [36m >>> binding _timestamp -> scala.collection.immutable.Seq [0m
2020-10-26T19:18:39.472+08:00 INFO  o.m.c.d.SimplePgProfile [36m >>> binding inet -> com.github.tminglei.slickpg.InetString [0m
2020-10-26T19:18:39.475+08:00 INFO  o.m.c.d.SimplePgProfile [36m >>> binding macaddr -> com.github.tminglei.slickpg.MacAddrString [0m
2020-10-26T19:18:39.478+08:00 INFO  o.m.c.d.SimplePgProfile [36m >>> binding ltree -> com.github.tminglei.slickpg.LTree [0m
2020-10-26T19:18:39.478+08:00 INFO  o.m.c.d.SimplePgProfile [36m >>> binding _ltree -> scala.collection.immutable.List [0m
2020-10-26T19:18:39.484+08:00 INFO  o.m.c.d.SimplePgProfile [36m >>> binding int4range -> com.github.tminglei.slickpg.Range [0m
2020-10-26T19:18:39.484+08:00 INFO  o.m.c.d.SimplePgProfile [36m >>> binding int8range -> com.github.tminglei.slickpg.Range [0m
2020-10-26T19:18:39.485+08:00 INFO  o.m.c.d.SimplePgProfile [36m >>> binding numrange -> com.github.tminglei.slickpg.Range [0m
2020-10-26T19:18:39.486+08:00 INFO  o.m.c.d.SimplePgProfile [36m >>> binding tsrange -> com.github.tminglei.slickpg.Range [0m
2020-10-26T19:18:39.487+08:00 INFO  o.m.c.d.SimplePgProfile [36m >>> binding daterange -> com.github.tminglei.slickpg.Range [0m
2020-10-26T19:18:39.487+08:00 INFO  o.m.c.d.SimplePgProfile [36m >>> binding tsrange -> com.github.tminglei.slickpg.Range [0m
2020-10-26T19:18:39.488+08:00 INFO  o.m.c.d.SimplePgProfile [36m >>> binding tstzrange -> com.github.tminglei.slickpg.Range [0m
2020-10-26T19:18:39.488+08:00 INFO  o.m.c.d.SimplePgProfile [36m >>> binding daterange -> com.github.tminglei.slickpg.Range [0m
2020-10-26T19:18:39.493+08:00 INFO  o.m.c.d.SimplePgProfile [36m >>> binding hstore -> scala.collection.immutable.Map [0m
2020-10-26T19:18:39.495+08:00 INFO  o.m.c.d.SimplePgProfile [36m >>> binding tsvector -> com.github.tminglei.slickpg.TsVector [0m
2020-10-26T19:18:39.496+08:00 INFO  o.m.c.d.SimplePgProfile [36m >>> binding tsquery -> com.github.tminglei.slickpg.TsQuery [0m
2020-10-26T19:18:39.632+08:00 INFO  c.z.h.HikariDataSource chestnut_rw - Starting...
2020-10-26T19:18:39.690+08:00 INFO  c.z.h.HikariDataSource chestnut_rw - Start completed.
2020-10-26T19:18:40.692+08:00 INFO  o.m.c.h.AkkaHttpServer < Server online at http://127.0.0.1:9000/ ... >
 _____ _               _               _         ______ _
/  __ \ |             | |             | |        |  ___| |
| /  \/ |__   ___  ___| |_ _ __  _   _| |_ ______| |_  | | _____      __
| |   | '_ \ / _ \/ __| __| '_ \| | | | __|______|  _| | |/ _ \ \ /\ / /
| \__/\ | | |  __/\__ \ |_| | | | |_| | |_       | |   | | (_) \ V  V /
 \____/_| |_|\___||___/\__|_| |_|\__,_|\__|      \_|   |_|\___/ \_/\_/
2020-10-26T19:22:11.464+08:00 INFO  o.m.c.Main$ System Terminated. Goodbye.
2020-10-26T19:22:32.161+08:00 INFO  a.e.s.Slf4jLogger Slf4jLogger started
2020-10-26T19:22:32.488+08:00 INFO  o.m.c.d.SimplePgProfile [36m >>> binding uuid -> java.util.UUID [0m
2020-10-26T19:22:32.490+08:00 INFO  o.m.c.d.SimplePgProfile [36m >>> binding text -> java.lang.String [0m
2020-10-26T19:22:32.490+08:00 INFO  o.m.c.d.SimplePgProfile [36m >>> binding bool -> Boolean [0m
2020-10-26T19:22:32.516+08:00 INFO  o.m.c.d.SimplePgProfile [36m >>> binding _uuid -> scala.collection.immutable.Seq [0m
2020-10-26T19:22:32.517+08:00 INFO  o.m.c.d.SimplePgProfile [36m >>> binding _text -> scala.collection.immutable.Seq [0m
2020-10-26T19:22:32.517+08:00 INFO  o.m.c.d.SimplePgProfile [36m >>> binding _int8 -> scala.collection.immutable.Seq [0m
2020-10-26T19:22:32.517+08:00 INFO  o.m.c.d.SimplePgProfile [36m >>> binding _int4 -> scala.collection.immutable.Seq [0m
2020-10-26T19:22:32.518+08:00 INFO  o.m.c.d.SimplePgProfile [36m >>> binding _int2 -> scala.collection.immutable.Seq [0m
2020-10-26T19:22:32.518+08:00 INFO  o.m.c.d.SimplePgProfile [36m >>> binding _float4 -> scala.collection.immutable.Seq [0m
2020-10-26T19:22:32.518+08:00 INFO  o.m.c.d.SimplePgProfile [36m >>> binding _float8 -> scala.collection.immutable.Seq [0m
2020-10-26T19:22:32.518+08:00 INFO  o.m.c.d.SimplePgProfile [36m >>> binding _bool -> scala.collection.immutable.Seq [0m
2020-10-26T19:22:32.518+08:00 INFO  o.m.c.d.SimplePgProfile [36m >>> binding _date -> scala.collection.immutable.Seq [0m
2020-10-26T19:22:32.519+08:00 INFO  o.m.c.d.SimplePgProfile [36m >>> binding _time -> scala.collection.immutable.Seq [0m
2020-10-26T19:22:32.519+08:00 INFO  o.m.c.d.SimplePgProfile [36m >>> binding _timestamp -> scala.collection.immutable.Seq [0m
2020-10-26T19:22:32.544+08:00 INFO  o.m.c.d.SimplePgProfile [36m >>> binding inet -> com.github.tminglei.slickpg.InetString [0m
2020-10-26T19:22:32.545+08:00 INFO  o.m.c.d.SimplePgProfile [36m >>> binding macaddr -> com.github.tminglei.slickpg.MacAddrString [0m
2020-10-26T19:22:32.547+08:00 INFO  o.m.c.d.SimplePgProfile [36m >>> binding ltree -> com.github.tminglei.slickpg.LTree [0m
2020-10-26T19:22:32.547+08:00 INFO  o.m.c.d.SimplePgProfile [36m >>> binding _ltree -> scala.collection.immutable.List [0m
2020-10-26T19:22:32.550+08:00 INFO  o.m.c.d.SimplePgProfile [36m >>> binding int4range -> com.github.tminglei.slickpg.Range [0m
2020-10-26T19:22:32.551+08:00 INFO  o.m.c.d.SimplePgProfile [36m >>> binding int8range -> com.github.tminglei.slickpg.Range [0m
2020-10-26T19:22:32.551+08:00 INFO  o.m.c.d.SimplePgProfile [36m >>> binding numrange -> com.github.tminglei.slickpg.Range [0m
2020-10-26T19:22:32.551+08:00 INFO  o.m.c.d.SimplePgProfile [36m >>> binding tsrange -> com.github.tminglei.slickpg.Range [0m
2020-10-26T19:22:32.551+08:00 INFO  o.m.c.d.SimplePgProfile [36m >>> binding daterange -> com.github.tminglei.slickpg.Range [0m
2020-10-26T19:22:32.551+08:00 INFO  o.m.c.d.SimplePgProfile [36m >>> binding tsrange -> com.github.tminglei.slickpg.Range [0m
2020-10-26T19:22:32.551+08:00 INFO  o.m.c.d.SimplePgProfile [36m >>> binding tstzrange -> com.github.tminglei.slickpg.Range [0m
2020-10-26T19:22:32.552+08:00 INFO  o.m.c.d.SimplePgProfile [36m >>> binding daterange -> com.github.tminglei.slickpg.Range [0m
2020-10-26T19:22:32.556+08:00 INFO  o.m.c.d.SimplePgProfile [36m >>> binding hstore -> scala.collection.immutable.Map [0m
2020-10-26T19:22:32.557+08:00 INFO  o.m.c.d.SimplePgProfile [36m >>> binding tsvector -> com.github.tminglei.slickpg.TsVector [0m
2020-10-26T19:22:32.558+08:00 INFO  o.m.c.d.SimplePgProfile [36m >>> binding tsquery -> com.github.tminglei.slickpg.TsQuery [0m
2020-10-26T19:22:32.632+08:00 INFO  c.z.h.HikariDataSource chestnut_rw - Starting...
2020-10-26T19:22:32.682+08:00 INFO  c.z.h.HikariDataSource chestnut_rw - Start completed.
2020-10-26T19:22:33.457+08:00 INFO  o.m.c.h.AkkaHttpServer < Server online at http://127.0.0.1:9000/ ... >
 _____ _               _               _         ______ _
/  __ \ |             | |             | |        |  ___| |
| /  \/ |__   ___  ___| |_ _ __  _   _| |_ ______| |_  | | _____      __
| |   | '_ \ / _ \/ __| __| '_ \| | | | __|______|  _| | |/ _ \ \ /\ / /
| \__/\ | | |  __/\__ \ |_| | | | |_| | |_       | |   | | (_) \ V  V /
 \____/_| |_|\___||___/\__|_| |_|\__,_|\__|      \_|   |_|\___/ \_/\_/
2020-10-26T19:28:33.621+08:00 INFO  o.m.c.Main$ System Terminated. Goodbye.
2020-10-26T19:28:54.362+08:00 INFO  a.e.s.Slf4jLogger Slf4jLogger started
2020-10-26T19:28:54.662+08:00 INFO  o.m.c.d.SimplePgProfile [36m >>> binding uuid -> java.util.UUID [0m
2020-10-26T19:28:54.664+08:00 INFO  o.m.c.d.SimplePgProfile [36m >>> binding text -> java.lang.String [0m
2020-10-26T19:28:54.665+08:00 INFO  o.m.c.d.SimplePgProfile [36m >>> binding bool -> Boolean [0m
2020-10-26T19:28:54.692+08:00 INFO  o.m.c.d.SimplePgProfile [36m >>> binding _uuid -> scala.collection.immutable.Seq [0m
2020-10-26T19:28:54.693+08:00 INFO  o.m.c.d.SimplePgProfile [36m >>> binding _text -> scala.collection.immutable.Seq [0m
2020-10-26T19:28:54.693+08:00 INFO  o.m.c.d.SimplePgProfile [36m >>> binding _int8 -> scala.collection.immutable.Seq [0m
2020-10-26T19:28:54.693+08:00 INFO  o.m.c.d.SimplePgProfile [36m >>> binding _int4 -> scala.collection.immutable.Seq [0m
2020-10-26T19:28:54.694+08:00 INFO  o.m.c.d.SimplePgProfile [36m >>> binding _int2 -> scala.collection.immutable.Seq [0m
2020-10-26T19:28:54.694+08:00 INFO  o.m.c.d.SimplePgProfile [36m >>> binding _float4 -> scala.collection.immutable.Seq [0m
2020-10-26T19:28:54.694+08:00 INFO  o.m.c.d.SimplePgProfile [36m >>> binding _float8 -> scala.collection.immutable.Seq [0m
2020-10-26T19:28:54.695+08:00 INFO  o.m.c.d.SimplePgProfile [36m >>> binding _bool -> scala.collection.immutable.Seq [0m
2020-10-26T19:28:54.695+08:00 INFO  o.m.c.d.SimplePgProfile [36m >>> binding _date -> scala.collection.immutable.Seq [0m
2020-10-26T19:28:54.695+08:00 INFO  o.m.c.d.SimplePgProfile [36m >>> binding _time -> scala.collection.immutable.Seq [0m
2020-10-26T19:28:54.695+08:00 INFO  o.m.c.d.SimplePgProfile [36m >>> binding _timestamp -> scala.collection.immutable.Seq [0m
2020-10-26T19:28:54.717+08:00 INFO  o.m.c.d.SimplePgProfile [36m >>> binding inet -> com.github.tminglei.slickpg.InetString [0m
2020-10-26T19:28:54.717+08:00 INFO  o.m.c.d.SimplePgProfile [36m >>> binding macaddr -> com.github.tminglei.slickpg.MacAddrString [0m
2020-10-26T19:28:54.719+08:00 INFO  o.m.c.d.SimplePgProfile [36m >>> binding ltree -> com.github.tminglei.slickpg.LTree [0m
2020-10-26T19:28:54.720+08:00 INFO  o.m.c.d.SimplePgProfile [36m >>> binding _ltree -> scala.collection.immutable.List [0m
2020-10-26T19:28:54.723+08:00 INFO  o.m.c.d.SimplePgProfile [36m >>> binding int4range -> com.github.tminglei.slickpg.Range [0m
2020-10-26T19:28:54.723+08:00 INFO  o.m.c.d.SimplePgProfile [36m >>> binding int8range -> com.github.tminglei.slickpg.Range [0m
2020-10-26T19:28:54.724+08:00 INFO  o.m.c.d.SimplePgProfile [36m >>> binding numrange -> com.github.tminglei.slickpg.Range [0m
2020-10-26T19:28:54.724+08:00 INFO  o.m.c.d.SimplePgProfile [36m >>> binding tsrange -> com.github.tminglei.slickpg.Range [0m
2020-10-26T19:28:54.724+08:00 INFO  o.m.c.d.SimplePgProfile [36m >>> binding daterange -> com.github.tminglei.slickpg.Range [0m
2020-10-26T19:28:54.724+08:00 INFO  o.m.c.d.SimplePgProfile [36m >>> binding tsrange -> com.github.tminglei.slickpg.Range [0m
2020-10-26T19:28:54.724+08:00 INFO  o.m.c.d.SimplePgProfile [36m >>> binding tstzrange -> com.github.tminglei.slickpg.Range [0m
2020-10-26T19:28:54.724+08:00 INFO  o.m.c.d.SimplePgProfile [36m >>> binding daterange -> com.github.tminglei.slickpg.Range [0m
2020-10-26T19:28:54.728+08:00 INFO  o.m.c.d.SimplePgProfile [36m >>> binding hstore -> scala.collection.immutable.Map [0m
2020-10-26T19:28:54.730+08:00 INFO  o.m.c.d.SimplePgProfile [36m >>> binding tsvector -> com.github.tminglei.slickpg.TsVector [0m
2020-10-26T19:28:54.731+08:00 INFO  o.m.c.d.SimplePgProfile [36m >>> binding tsquery -> com.github.tminglei.slickpg.TsQuery [0m
2020-10-26T19:28:54.803+08:00 INFO  c.z.h.HikariDataSource chestnut_rw - Starting...
2020-10-26T19:28:54.840+08:00 INFO  c.z.h.HikariDataSource chestnut_rw - Start completed.
2020-10-26T19:28:55.553+08:00 INFO  o.m.c.h.AkkaHttpServer < Server online at http://127.0.0.1:9000/ ... >
 _____ _               _               _         ______ _
/  __ \ |             | |             | |        |  ___| |
| /  \/ |__   ___  ___| |_ _ __  _   _| |_ ______| |_  | | _____      __
| |   | '_ \ / _ \/ __| __| '_ \| | | | __|______|  _| | |/ _ \ \ /\ / /
| \__/\ | | |  __/\__ \ |_| | | | |_| | |_       | |   | | (_) \ V  V /
 \____/_| |_|\___||___/\__|_| |_|\__,_|\__|      \_|   |_|\___/ \_/\_/
2020-10-26T19:29:21.597+08:00 INFO  o.m.c.Main$ System Terminated. Goodbye.
2020-10-26T19:29:46.233+08:00 INFO  a.e.s.Slf4jLogger Slf4jLogger started
2020-10-26T19:29:46.534+08:00 INFO  o.m.c.d.SimplePgProfile [36m >>> binding uuid -> java.util.UUID [0m
2020-10-26T19:29:46.535+08:00 INFO  o.m.c.d.SimplePgProfile [36m >>> binding text -> java.lang.String [0m
2020-10-26T19:29:46.536+08:00 INFO  o.m.c.d.SimplePgProfile [36m >>> binding bool -> Boolean [0m
2020-10-26T19:29:46.563+08:00 INFO  o.m.c.d.SimplePgProfile [36m >>> binding _uuid -> scala.collection.immutable.Seq [0m
2020-10-26T19:29:46.564+08:00 INFO  o.m.c.d.SimplePgProfile [36m >>> binding _text -> scala.collection.immutable.Seq [0m
2020-10-26T19:29:46.564+08:00 INFO  o.m.c.d.SimplePgProfile [36m >>> binding _int8 -> scala.collection.immutable.Seq [0m
2020-10-26T19:29:46.564+08:00 INFO  o.m.c.d.SimplePgProfile [36m >>> binding _int4 -> scala.collection.immutable.Seq [0m
2020-10-26T19:29:46.565+08:00 INFO  o.m.c.d.SimplePgProfile [36m >>> binding _int2 -> scala.collection.immutable.Seq [0m
2020-10-26T19:29:46.565+08:00 INFO  o.m.c.d.SimplePgProfile [36m >>> binding _float4 -> scala.collection.immutable.Seq [0m
2020-10-26T19:29:46.565+08:00 INFO  o.m.c.d.SimplePgProfile [36m >>> binding _float8 -> scala.collection.immutable.Seq [0m
2020-10-26T19:29:46.565+08:00 INFO  o.m.c.d.SimplePgProfile [36m >>> binding _bool -> scala.collection.immutable.Seq [0m
2020-10-26T19:29:46.565+08:00 INFO  o.m.c.d.SimplePgProfile [36m >>> binding _date -> scala.collection.immutable.Seq [0m
2020-10-26T19:29:46.565+08:00 INFO  o.m.c.d.SimplePgProfile [36m >>> binding _time -> scala.collection.immutable.Seq [0m
2020-10-26T19:29:46.565+08:00 INFO  o.m.c.d.SimplePgProfile [36m >>> binding _timestamp -> scala.collection.immutable.Seq [0m
2020-10-26T19:29:46.588+08:00 INFO  o.m.c.d.SimplePgProfile [36m >>> binding inet -> com.github.tminglei.slickpg.InetString [0m
2020-10-26T19:29:46.589+08:00 INFO  o.m.c.d.SimplePgProfile [36m >>> binding macaddr -> com.github.tminglei.slickpg.MacAddrString [0m
2020-10-26T19:29:46.594+08:00 INFO  o.m.c.d.SimplePgProfile [36m >>> binding ltree -> com.github.tminglei.slickpg.LTree [0m
2020-10-26T19:29:46.594+08:00 INFO  o.m.c.d.SimplePgProfile [36m >>> binding _ltree -> scala.collection.immutable.List [0m
2020-10-26T19:29:46.597+08:00 INFO  o.m.c.d.SimplePgProfile [36m >>> binding int4range -> com.github.tminglei.slickpg.Range [0m
2020-10-26T19:29:46.598+08:00 INFO  o.m.c.d.SimplePgProfile [36m >>> binding int8range -> com.github.tminglei.slickpg.Range [0m
2020-10-26T19:29:46.598+08:00 INFO  o.m.c.d.SimplePgProfile [36m >>> binding numrange -> com.github.tminglei.slickpg.Range [0m
2020-10-26T19:29:46.598+08:00 INFO  o.m.c.d.SimplePgProfile [36m >>> binding tsrange -> com.github.tminglei.slickpg.Range [0m
2020-10-26T19:29:46.598+08:00 INFO  o.m.c.d.SimplePgProfile [36m >>> binding daterange -> com.github.tminglei.slickpg.Range [0m
2020-10-26T19:29:46.598+08:00 INFO  o.m.c.d.SimplePgProfile [36m >>> binding tsrange -> com.github.tminglei.slickpg.Range [0m
2020-10-26T19:29:46.598+08:00 INFO  o.m.c.d.SimplePgProfile [36m >>> binding tstzrange -> com.github.tminglei.slickpg.Range [0m
2020-10-26T19:29:46.599+08:00 INFO  o.m.c.d.SimplePgProfile [36m >>> binding daterange -> com.github.tminglei.slickpg.Range [0m
2020-10-26T19:29:46.602+08:00 INFO  o.m.c.d.SimplePgProfile [36m >>> binding hstore -> scala.collection.immutable.Map [0m
2020-10-26T19:29:46.604+08:00 INFO  o.m.c.d.SimplePgProfile [36m >>> binding tsvector -> com.github.tminglei.slickpg.TsVector [0m
2020-10-26T19:29:46.605+08:00 INFO  o.m.c.d.SimplePgProfile [36m >>> binding tsquery -> com.github.tminglei.slickpg.TsQuery [0m
2020-10-26T19:29:46.695+08:00 INFO  c.z.h.HikariDataSource chestnut_rw - Starting...
2020-10-26T19:29:46.746+08:00 INFO  c.z.h.HikariDataSource chestnut_rw - Start completed.
2020-10-26T19:29:47.488+08:00 INFO  o.m.c.h.AkkaHttpServer < Server online at http://127.0.0.1:9000/ ... >
 _____ _               _               _         ______ _
/  __ \ |             | |             | |        |  ___| |
| /  \/ |__   ___  ___| |_ _ __  _   _| |_ ______| |_  | | _____      __
| |   | '_ \ / _ \/ __| __| '_ \| | | | __|______|  _| | |/ _ \ \ /\ / /
| \__/\ | | |  __/\__ \ |_| | | | |_| | |_       | |   | | (_) \ V  V /
 \____/_| |_|\___||___/\__|_| |_|\__,_|\__|      \_|   |_|\___/ \_/\_/
2020-10-26T19:30:02.755+08:00 INFO  o.m.c.Main$ System Terminated. Goodbye.
2020-10-26T19:30:22.073+08:00 INFO  a.e.s.Slf4jLogger Slf4jLogger started
2020-10-26T19:30:22.379+08:00 INFO  o.m.c.d.SimplePgProfile [36m >>> binding uuid -> java.util.UUID [0m
2020-10-26T19:30:22.381+08:00 INFO  o.m.c.d.SimplePgProfile [36m >>> binding text -> java.lang.String [0m
2020-10-26T19:30:22.381+08:00 INFO  o.m.c.d.SimplePgProfile [36m >>> binding bool -> Boolean [0m
2020-10-26T19:30:22.409+08:00 INFO  o.m.c.d.SimplePgProfile [36m >>> binding _uuid -> scala.collection.immutable.Seq [0m
2020-10-26T19:30:22.409+08:00 INFO  o.m.c.d.SimplePgProfile [36m >>> binding _text -> scala.collection.immutable.Seq [0m
2020-10-26T19:30:22.410+08:00 INFO  o.m.c.d.SimplePgProfile [36m >>> binding _int8 -> scala.collection.immutable.Seq [0m
2020-10-26T19:30:22.410+08:00 INFO  o.m.c.d.SimplePgProfile [36m >>> binding _int4 -> scala.collection.immutable.Seq [0m
2020-10-26T19:30:22.411+08:00 INFO  o.m.c.d.SimplePgProfile [36m >>> binding _int2 -> scala.collection.immutable.Seq [0m
2020-10-26T19:30:22.411+08:00 INFO  o.m.c.d.SimplePgProfile [36m >>> binding _float4 -> scala.collection.immutable.Seq [0m
2020-10-26T19:30:22.411+08:00 INFO  o.m.c.d.SimplePgProfile [36m >>> binding _float8 -> scala.collection.immutable.Seq [0m
2020-10-26T19:30:22.411+08:00 INFO  o.m.c.d.SimplePgProfile [36m >>> binding _bool -> scala.collection.immutable.Seq [0m
2020-10-26T19:30:22.412+08:00 INFO  o.m.c.d.SimplePgProfile [36m >>> binding _date -> scala.collection.immutable.Seq [0m
2020-10-26T19:30:22.412+08:00 INFO  o.m.c.d.SimplePgProfile [36m >>> binding _time -> scala.collection.immutable.Seq [0m
2020-10-26T19:30:22.412+08:00 INFO  o.m.c.d.SimplePgProfile [36m >>> binding _timestamp -> scala.collection.immutable.Seq [0m
2020-10-26T19:30:22.434+08:00 INFO  o.m.c.d.SimplePgProfile [36m >>> binding inet -> com.github.tminglei.slickpg.InetString [0m
2020-10-26T19:30:22.435+08:00 INFO  o.m.c.d.SimplePgProfile [36m >>> binding macaddr -> com.github.tminglei.slickpg.MacAddrString [0m
2020-10-26T19:30:22.436+08:00 INFO  o.m.c.d.SimplePgProfile [36m >>> binding ltree -> com.github.tminglei.slickpg.LTree [0m
2020-10-26T19:30:22.437+08:00 INFO  o.m.c.d.SimplePgProfile [36m >>> binding _ltree -> scala.collection.immutable.List [0m
2020-10-26T19:30:22.441+08:00 INFO  o.m.c.d.SimplePgProfile [36m >>> binding int4range -> com.github.tminglei.slickpg.Range [0m
2020-10-26T19:30:22.441+08:00 INFO  o.m.c.d.SimplePgProfile [36m >>> binding int8range -> com.github.tminglei.slickpg.Range [0m
2020-10-26T19:30:22.441+08:00 INFO  o.m.c.d.SimplePgProfile [36m >>> binding numrange -> com.github.tminglei.slickpg.Range [0m
2020-10-26T19:30:22.446+08:00 INFO  o.m.c.d.SimplePgProfile [36m >>> binding tsrange -> com.github.tminglei.slickpg.Range [0m
2020-10-26T19:30:22.446+08:00 INFO  o.m.c.d.SimplePgProfile [36m >>> binding daterange -> com.github.tminglei.slickpg.Range [0m
2020-10-26T19:30:22.446+08:00 INFO  o.m.c.d.SimplePgProfile [36m >>> binding tsrange -> com.github.tminglei.slickpg.Range [0m
2020-10-26T19:30:22.447+08:00 INFO  o.m.c.d.SimplePgProfile [36m >>> binding tstzrange -> com.github.tminglei.slickpg.Range [0m
2020-10-26T19:30:22.447+08:00 INFO  o.m.c.d.SimplePgProfile [36m >>> binding daterange -> com.github.tminglei.slickpg.Range [0m
2020-10-26T19:30:22.450+08:00 INFO  o.m.c.d.SimplePgProfile [36m >>> binding hstore -> scala.collection.immutable.Map [0m
2020-10-26T19:30:22.452+08:00 INFO  o.m.c.d.SimplePgProfile [36m >>> binding tsvector -> com.github.tminglei.slickpg.TsVector [0m
2020-10-26T19:30:22.452+08:00 INFO  o.m.c.d.SimplePgProfile [36m >>> binding tsquery -> com.github.tminglei.slickpg.TsQuery [0m
2020-10-26T19:30:22.534+08:00 INFO  c.z.h.HikariDataSource chestnut_rw - Starting...
2020-10-26T19:30:22.573+08:00 INFO  c.z.h.HikariDataSource chestnut_rw - Start completed.
2020-10-26T19:30:23.325+08:00 INFO  o.m.c.h.AkkaHttpServer < Server online at http://127.0.0.1:9000/ ... >
 _____ _               _               _         ______ _
/  __ \ |             | |             | |        |  ___| |
| /  \/ |__   ___  ___| |_ _ __  _   _| |_ ______| |_  | | _____      __
| |   | '_ \ / _ \/ __| __| '_ \| | | | __|______|  _| | |/ _ \ \ /\ / /
| \__/\ | | |  __/\__ \ |_| | | | |_| | |_       | |   | | (_) \ V  V /
 \____/_| |_|\___||___/\__|_| |_|\__,_|\__|      \_|   |_|\___/ \_/\_/
2020-10-26T19:34:06.622+08:00 INFO  o.m.c.Main$ System Terminated. Goodbye.
2020-10-26T19:34:27.654+08:00 INFO  a.e.s.Slf4jLogger Slf4jLogger started
2020-10-26T19:34:27.960+08:00 INFO  o.m.c.d.SimplePgProfile [36m >>> binding uuid -> java.util.UUID [0m
2020-10-26T19:34:27.961+08:00 INFO  o.m.c.d.SimplePgProfile [36m >>> binding text -> java.lang.String [0m
2020-10-26T19:34:27.962+08:00 INFO  o.m.c.d.SimplePgProfile [36m >>> binding bool -> Boolean [0m
2020-10-26T19:34:27.990+08:00 INFO  o.m.c.d.SimplePgProfile [36m >>> binding _uuid -> scala.collection.immutable.Seq [0m
2020-10-26T19:34:27.991+08:00 INFO  o.m.c.d.SimplePgProfile [36m >>> binding _text -> scala.collection.immutable.Seq [0m
2020-10-26T19:34:27.992+08:00 INFO  o.m.c.d.SimplePgProfile [36m >>> binding _int8 -> scala.collection.immutable.Seq [0m
2020-10-26T19:34:27.992+08:00 INFO  o.m.c.d.SimplePgProfile [36m >>> binding _int4 -> scala.collection.immutable.Seq [0m
2020-10-26T19:34:27.992+08:00 INFO  o.m.c.d.SimplePgProfile [36m >>> binding _int2 -> scala.collection.immutable.Seq [0m
2020-10-26T19:34:27.993+08:00 INFO  o.m.c.d.SimplePgProfile [36m >>> binding _float4 -> scala.collection.immutable.Seq [0m
2020-10-26T19:34:27.993+08:00 INFO  o.m.c.d.SimplePgProfile [36m >>> binding _float8 -> scala.collection.immutable.Seq [0m
2020-10-26T19:34:27.993+08:00 INFO  o.m.c.d.SimplePgProfile [36m >>> binding _bool -> scala.collection.immutable.Seq [0m
2020-10-26T19:34:27.993+08:00 INFO  o.m.c.d.SimplePgProfile [36m >>> binding _date -> scala.collection.immutable.Seq [0m
2020-10-26T19:34:27.993+08:00 INFO  o.m.c.d.SimplePgProfile [36m >>> binding _time -> scala.collection.immutable.Seq [0m
2020-10-26T19:34:27.993+08:00 INFO  o.m.c.d.SimplePgProfile [36m >>> binding _timestamp -> scala.collection.immutable.Seq [0m
2020-10-26T19:34:28.018+08:00 INFO  o.m.c.d.SimplePgProfile [36m >>> binding inet -> com.github.tminglei.slickpg.InetString [0m
2020-10-26T19:34:28.018+08:00 INFO  o.m.c.d.SimplePgProfile [36m >>> binding macaddr -> com.github.tminglei.slickpg.MacAddrString [0m
2020-10-26T19:34:28.020+08:00 INFO  o.m.c.d.SimplePgProfile [36m >>> binding ltree -> com.github.tminglei.slickpg.LTree [0m
2020-10-26T19:34:28.021+08:00 INFO  o.m.c.d.SimplePgProfile [36m >>> binding _ltree -> scala.collection.immutable.List [0m
2020-10-26T19:34:28.024+08:00 INFO  o.m.c.d.SimplePgProfile [36m >>> binding int4range -> com.github.tminglei.slickpg.Range [0m
2020-10-26T19:34:28.025+08:00 INFO  o.m.c.d.SimplePgProfile [36m >>> binding int8range -> com.github.tminglei.slickpg.Range [0m
2020-10-26T19:34:28.025+08:00 INFO  o.m.c.d.SimplePgProfile [36m >>> binding numrange -> com.github.tminglei.slickpg.Range [0m
2020-10-26T19:34:28.025+08:00 INFO  o.m.c.d.SimplePgProfile [36m >>> binding tsrange -> com.github.tminglei.slickpg.Range [0m
2020-10-26T19:34:28.025+08:00 INFO  o.m.c.d.SimplePgProfile [36m >>> binding daterange -> com.github.tminglei.slickpg.Range [0m
2020-10-26T19:34:28.025+08:00 INFO  o.m.c.d.SimplePgProfile [36m >>> binding tsrange -> com.github.tminglei.slickpg.Range [0m
2020-10-26T19:34:28.026+08:00 INFO  o.m.c.d.SimplePgProfile [36m >>> binding tstzrange -> com.github.tminglei.slickpg.Range [0m
2020-10-26T19:34:28.026+08:00 INFO  o.m.c.d.SimplePgProfile [36m >>> binding daterange -> com.github.tminglei.slickpg.Range [0m
2020-10-26T19:34:28.029+08:00 INFO  o.m.c.d.SimplePgProfile [36m >>> binding hstore -> scala.collection.immutable.Map [0m
2020-10-26T19:34:28.031+08:00 INFO  o.m.c.d.SimplePgProfile [36m >>> binding tsvector -> com.github.tminglei.slickpg.TsVector [0m
2020-10-26T19:34:28.032+08:00 INFO  o.m.c.d.SimplePgProfile [36m >>> binding tsquery -> com.github.tminglei.slickpg.TsQuery [0m
2020-10-26T19:34:28.104+08:00 INFO  c.z.h.HikariDataSource chestnut_rw - Starting...
2020-10-26T19:34:28.139+08:00 INFO  c.z.h.HikariDataSource chestnut_rw - Start completed.
2020-10-26T19:34:28.789+08:00 INFO  o.m.c.h.AkkaHttpServer < Server online at http://127.0.0.1:9000/ ... >
 _____ _               _               _         ______ _
/  __ \ |             | |             | |        |  ___| |
| /  \/ |__   ___  ___| |_ _ __  _   _| |_ ______| |_  | | _____      __
| |   | '_ \ / _ \/ __| __| '_ \| | | | __|______|  _| | |/ _ \ \ /\ / /
| \__/\ | | |  __/\__ \ |_| | | | |_| | |_       | |   | | (_) \ V  V /
 \____/_| |_|\___||___/\__|_| |_|\__,_|\__|      \_|   |_|\___/ \_/\_/
2020-10-26T19:49:43.442+08:00 INFO  a.e.s.Slf4jLogger Slf4jLogger started
2020-10-26T19:49:43.800+08:00 INFO  o.m.c.d.SimplePgProfile [36m >>> binding uuid -> java.util.UUID [0m
2020-10-26T19:49:43.801+08:00 INFO  o.m.c.d.SimplePgProfile [36m >>> binding text -> java.lang.String [0m
2020-10-26T19:49:43.802+08:00 INFO  o.m.c.d.SimplePgProfile [36m >>> binding bool -> Boolean [0m
2020-10-26T19:49:43.830+08:00 INFO  o.m.c.d.SimplePgProfile [36m >>> binding _uuid -> scala.collection.immutable.Seq [0m
2020-10-26T19:49:43.831+08:00 INFO  o.m.c.d.SimplePgProfile [36m >>> binding _text -> scala.collection.immutable.Seq [0m
2020-10-26T19:49:43.831+08:00 INFO  o.m.c.d.SimplePgProfile [36m >>> binding _int8 -> scala.collection.immutable.Seq [0m
2020-10-26T19:49:43.831+08:00 INFO  o.m.c.d.SimplePgProfile [36m >>> binding _int4 -> scala.collection.immutable.Seq [0m
2020-10-26T19:49:43.831+08:00 INFO  o.m.c.d.SimplePgProfile [36m >>> binding _int2 -> scala.collection.immutable.Seq [0m
2020-10-26T19:49:43.831+08:00 INFO  o.m.c.d.SimplePgProfile [36m >>> binding _float4 -> scala.collection.immutable.Seq [0m
2020-10-26T19:49:43.831+08:00 INFO  o.m.c.d.SimplePgProfile [36m >>> binding _float8 -> scala.collection.immutable.Seq [0m
2020-10-26T19:49:43.832+08:00 INFO  o.m.c.d.SimplePgProfile [36m >>> binding _bool -> scala.collection.immutable.Seq [0m
2020-10-26T19:49:43.832+08:00 INFO  o.m.c.d.SimplePgProfile [36m >>> binding _date -> scala.collection.immutable.Seq [0m
2020-10-26T19:49:43.832+08:00 INFO  o.m.c.d.SimplePgProfile [36m >>> binding _time -> scala.collection.immutable.Seq [0m
2020-10-26T19:49:43.832+08:00 INFO  o.m.c.d.SimplePgProfile [36m >>> binding _timestamp -> scala.collection.immutable.Seq [0m
2020-10-26T19:49:43.855+08:00 INFO  o.m.c.d.SimplePgProfile [36m >>> binding inet -> com.github.tminglei.slickpg.InetString [0m
2020-10-26T19:49:43.855+08:00 INFO  o.m.c.d.SimplePgProfile [36m >>> binding macaddr -> com.github.tminglei.slickpg.MacAddrString [0m
2020-10-26T19:49:43.857+08:00 INFO  o.m.c.d.SimplePgProfile [36m >>> binding ltree -> com.github.tminglei.slickpg.LTree [0m
2020-10-26T19:49:43.857+08:00 INFO  o.m.c.d.SimplePgProfile [36m >>> binding _ltree -> scala.collection.immutable.List [0m
2020-10-26T19:49:43.860+08:00 INFO  o.m.c.d.SimplePgProfile [36m >>> binding int4range -> com.github.tminglei.slickpg.Range [0m
2020-10-26T19:49:43.861+08:00 INFO  o.m.c.d.SimplePgProfile [36m >>> binding int8range -> com.github.tminglei.slickpg.Range [0m
2020-10-26T19:49:43.861+08:00 INFO  o.m.c.d.SimplePgProfile [36m >>> binding numrange -> com.github.tminglei.slickpg.Range [0m
2020-10-26T19:49:43.861+08:00 INFO  o.m.c.d.SimplePgProfile [36m >>> binding tsrange -> com.github.tminglei.slickpg.Range [0m
2020-10-26T19:49:43.861+08:00 INFO  o.m.c.d.SimplePgProfile [36m >>> binding daterange -> com.github.tminglei.slickpg.Range [0m
2020-10-26T19:49:43.861+08:00 INFO  o.m.c.d.SimplePgProfile [36m >>> binding tsrange -> com.github.tminglei.slickpg.Range [0m
2020-10-26T19:49:43.862+08:00 INFO  o.m.c.d.SimplePgProfile [36m >>> binding tstzrange -> com.github.tminglei.slickpg.Range [0m
2020-10-26T19:49:43.862+08:00 INFO  o.m.c.d.SimplePgProfile [36m >>> binding daterange -> com.github.tminglei.slickpg.Range [0m
2020-10-26T19:49:43.866+08:00 INFO  o.m.c.d.SimplePgProfile [36m >>> binding hstore -> scala.collection.immutable.Map [0m
2020-10-26T19:49:43.868+08:00 INFO  o.m.c.d.SimplePgProfile [36m >>> binding tsvector -> com.github.tminglei.slickpg.TsVector [0m
2020-10-26T19:49:43.868+08:00 INFO  o.m.c.d.SimplePgProfile [36m >>> binding tsquery -> com.github.tminglei.slickpg.TsQuery [0m
2020-10-26T19:49:43.945+08:00 INFO  c.z.h.HikariDataSource chestnut_rw - Starting...
2020-10-26T19:49:43.985+08:00 INFO  c.z.h.HikariDataSource chestnut_rw - Start completed.
2020-10-26T19:49:44.713+08:00 INFO  o.m.c.h.AkkaHttpServer < Server online at http://127.0.0.1:9000/ ... >
 _____ _               _               _         ______ _
/  __ \ |             | |             | |        |  ___| |
| /  \/ |__   ___  ___| |_ _ __  _   _| |_ ______| |_  | | _____      __
| |   | '_ \ / _ \/ __| __| '_ \| | | | __|______|  _| | |/ _ \ \ /\ / /
| \__/\ | | |  __/\__ \ |_| | | | |_| | |_       | |   | | (_) \ V  V /
 \____/_| |_|\___||___/\__|_| |_|\__,_|\__|      \_|   |_|\___/ \_/\_/
