2020-10-20T18:58:08.206+08:00 INFO  a.e.s.Slf4jLogger Slf4jLogger started
2020-10-20T18:58:08.512+08:00 INFO  o.m.c.d.SimplePgProfile [36m >>> binding uuid -> java.util.UUID [0m
2020-10-20T18:58:08.514+08:00 INFO  o.m.c.d.SimplePgProfile [36m >>> binding text -> java.lang.String [0m
2020-10-20T18:58:08.514+08:00 INFO  o.m.c.d.SimplePgProfile [36m >>> binding bool -> Boolean [0m
2020-10-20T18:58:08.537+08:00 INFO  o.m.c.d.SimplePgProfile [36m >>> binding _uuid -> scala.collection.immutable.Seq [0m
2020-10-20T18:58:08.537+08:00 INFO  o.m.c.d.SimplePgProfile [36m >>> binding _text -> scala.collection.immutable.Seq [0m
2020-10-20T18:58:08.538+08:00 INFO  o.m.c.d.SimplePgProfile [36m >>> binding _int8 -> scala.collection.immutable.Seq [0m
2020-10-20T18:58:08.538+08:00 INFO  o.m.c.d.SimplePgProfile [36m >>> binding _int4 -> scala.collection.immutable.Seq [0m
2020-10-20T18:58:08.538+08:00 INFO  o.m.c.d.SimplePgProfile [36m >>> binding _int2 -> scala.collection.immutable.Seq [0m
2020-10-20T18:58:08.538+08:00 INFO  o.m.c.d.SimplePgProfile [36m >>> binding _float4 -> scala.collection.immutable.Seq [0m
2020-10-20T18:58:08.539+08:00 INFO  o.m.c.d.SimplePgProfile [36m >>> binding _float8 -> scala.collection.immutable.Seq [0m
2020-10-20T18:58:08.539+08:00 INFO  o.m.c.d.SimplePgProfile [36m >>> binding _bool -> scala.collection.immutable.Seq [0m
2020-10-20T18:58:08.539+08:00 INFO  o.m.c.d.SimplePgProfile [36m >>> binding _date -> scala.collection.immutable.Seq [0m
2020-10-20T18:58:08.539+08:00 INFO  o.m.c.d.SimplePgProfile [36m >>> binding _time -> scala.collection.immutable.Seq [0m
2020-10-20T18:58:08.539+08:00 INFO  o.m.c.d.SimplePgProfile [36m >>> binding _timestamp -> scala.collection.immutable.Seq [0m
2020-10-20T18:58:08.557+08:00 INFO  o.m.c.d.SimplePgProfile [36m >>> binding inet -> com.github.tminglei.slickpg.InetString [0m
2020-10-20T18:58:08.558+08:00 INFO  o.m.c.d.SimplePgProfile [36m >>> binding macaddr -> com.github.tminglei.slickpg.MacAddrString [0m
2020-10-20T18:58:08.560+08:00 INFO  o.m.c.d.SimplePgProfile [36m >>> binding ltree -> com.github.tminglei.slickpg.LTree [0m
2020-10-20T18:58:08.560+08:00 INFO  o.m.c.d.SimplePgProfile [36m >>> binding _ltree -> scala.collection.immutable.List [0m
2020-10-20T18:58:08.563+08:00 INFO  o.m.c.d.SimplePgProfile [36m >>> binding int4range -> com.github.tminglei.slickpg.Range [0m
2020-10-20T18:58:08.563+08:00 INFO  o.m.c.d.SimplePgProfile [36m >>> binding int8range -> com.github.tminglei.slickpg.Range [0m
2020-10-20T18:58:08.563+08:00 INFO  o.m.c.d.SimplePgProfile [36m >>> binding numrange -> com.github.tminglei.slickpg.Range [0m
2020-10-20T18:58:08.563+08:00 INFO  o.m.c.d.SimplePgProfile [36m >>> binding tsrange -> com.github.tminglei.slickpg.Range [0m
2020-10-20T18:58:08.563+08:00 INFO  o.m.c.d.SimplePgProfile [36m >>> binding daterange -> com.github.tminglei.slickpg.Range [0m
2020-10-20T18:58:08.563+08:00 INFO  o.m.c.d.SimplePgProfile [36m >>> binding tsrange -> com.github.tminglei.slickpg.Range [0m
2020-10-20T18:58:08.564+08:00 INFO  o.m.c.d.SimplePgProfile [36m >>> binding tstzrange -> com.github.tminglei.slickpg.Range [0m
2020-10-20T18:58:08.564+08:00 INFO  o.m.c.d.SimplePgProfile [36m >>> binding daterange -> com.github.tminglei.slickpg.Range [0m
2020-10-20T18:58:08.566+08:00 INFO  o.m.c.d.SimplePgProfile [36m >>> binding hstore -> scala.collection.immutable.Map [0m
2020-10-20T18:58:08.568+08:00 INFO  o.m.c.d.SimplePgProfile [36m >>> binding tsvector -> com.github.tminglei.slickpg.TsVector [0m
2020-10-20T18:58:08.572+08:00 INFO  o.m.c.d.SimplePgProfile [36m >>> binding tsquery -> com.github.tminglei.slickpg.TsQuery [0m
2020-10-20T18:58:08.642+08:00 INFO  c.z.h.HikariDataSource chestnut_rw - Starting...
2020-10-20T18:58:08.693+08:00 INFO  c.z.h.HikariDataSource chestnut_rw - Start completed.
2020-10-20T18:58:09.342+08:00 INFO  o.m.c.h.AkkaHttpServer < Server online at http://127.0.0.1:8800/ ... >
 _____ _               _               _         ______ _
/  __ \ |             | |             | |        |  ___| |
| /  \/ |__   ___  ___| |_ _ __  _   _| |_ ______| |_  | | _____      __
| |   | '_ \ / _ \/ __| __| '_ \| | | | __|______|  _| | |/ _ \ \ /\ / /
| \__/\ | | |  __/\__ \ |_| | | | |_| | |_       | |   | | (_) \ V  V /
 \____/_| |_|\___||___/\__|_| |_|\__,_|\__|      \_|   |_|\___/ \_/\_/
